<?xml version="1.0" encoding="UTF-8"?>
<Procedure xmlns="http://codac.iter.org/sup/oac-tree" version="1.0"
           name="Trivial procedure for testing purposes"
           xmlns:xs="http://www.w3.org/2001/XMLSchema-instance"
           xs:schemaLocation="http://codac.iter.org/sup/oac-tree oac-tree.xsd">
    <Plugin>liboac-tree-system.so</Plugin>
    <Plugin>liboac-tree-pvxs.so</Plugin>
    <Repeat maxCount="10">
        <Sequence>
            <Wait name="wait" timeout="1.0"/>
            <Copy inputVar="curr-time" outputVar="pvxs-variable.timestamp"/>
            <Copy inputVar="curr-time" outputVar="pvxs-other.timestamp"/>
        </Sequence>
    </Repeat>
    <Workspace>
        <SystemClock name="curr-time"/>
        <PvAccessServer name="pvxs-variable"
                        channel="seq::test::variable"
                        type='{"type":"seq::test::Type/v1.0","attributes":[{"timestamp":{"type":"uint64"}},{"value":{"type":"float32"}}]}'
                        value='{"timestamp":0,"value":0.1}'/>
        <PvAccessServer name="pvxs-other"
                        channel="seq::test::another"
                        type='{"type":"seq::test::Type/v1.0","attributes":[{"timestamp":{"type":"uint64"}},{"value":{"type":"float32"}}]}'
                        value='{"timestamp":0,"value":1.0}'/>
    </Workspace>
</Procedure>
