<?xml version="1.0" encoding="UTF-8"?>
<Procedure xmlns="http://codac.iter.org/sup/oac-tree" version="1.0"
           name="Trivial procedure for testing purposes"
           xmlns:xs="http://www.w3.org/2001/XMLSchema-instance"
           xs:schemaLocation="http://codac.iter.org/sup/oac-tree oac-tree.xsd">
    <Plugin>liboac-tree-pvxs.so</Plugin>
    <RegisterType jsontype='{"type":"seq::test::Type/v1.0","attributes":[{"value":{"type":"float32"}}]}'/>
    <Sequence>
        <Copy inputVar="new-pvxs-value" outputVar="pvxs-server-variable"/>
        <Wait timeout="0.5"/>
        <Output fromVar="pvxs-server-variable"/>
    </Sequence>
    <Workspace>
        <PvAccessServer name="pvxs-server-variable"
                        channel="seq::test::variable"
                        type='{"type":"seq::test::Type/v1.0"}'/>
        <Local name="new-pvxs-value"
               type='{"type":"seq::test::Type/v1.0"}'
               value='{"value":12.5}'/>
    </Workspace>
</Procedure>
